<?xml version="1.0" encoding="UTF-8"?>
<!-- Generated by org.testng.reporters.JUnitXMLReporter -->
<testsuite hostname="inxntb34" name="Test2" tests="1" failures="0" timestamp="26 Jun 2015 09:57:18 GMT" time="0.003" errors="0">
  <testcase name="@BeforeMethod beforeTest" time="0.0" classname="src.Day1">
    <skipped/>
  </testcase> <!-- @BeforeMethod beforeTest -->
  <testcase name="test1" time="0.0" classname="src.Day1">
    <skipped/>
  </testcase> <!-- test1 -->
</testsuite> <!-- Test2 -->
