<?xml version="1.0" encoding="UTF-8"?>
<testng-results skipped="0" failed="0" total="3" passed="3">
  <reporter-output>
  </reporter-output>
  <suite name="Default suite" duration-ms="38" started-at="2015-06-26T11:46:06Z" finished-at="2015-06-26T11:46:06Z">
    <groups>
    </groups>
    <test name="Default test" duration-ms="38" started-at="2015-06-26T11:46:06Z" finished-at="2015-06-26T11:46:06Z">
      <class name="src.DataProviderExample">
        <test-method status="PASS" signature="f(java.lang.String, java.lang.String)[pri:0, instance:src.DataProviderExample@c91438]" name="f" duration-ms="14" started-at="2015-06-26T17:16:06Z" data-provider="dp" finished-at="2015-06-26T17:16:06Z">
          <params>
            <param index="0">
              <value>
                <![CDATA[pritesh]]>
              </value>
            </param>
            <param index="1">
              <value>
                <![CDATA[pritesh@123]]>
              </value>
            </param>
          </params>
          <reporter-output>
          </reporter-output>
        </test-method> <!-- f -->
        <test-method status="PASS" signature="f(java.lang.String, java.lang.String)[pri:0, instance:src.DataProviderExample@c91438]" name="f" duration-ms="2" started-at="2015-06-26T17:16:06Z" data-provider="dp" finished-at="2015-06-26T17:16:06Z">
          <params>
            <param index="0">
              <value>
                <![CDATA[vivek]]>
              </value>
            </param>
            <param index="1">
              <value>
                <![CDATA[vivek@123]]>
              </value>
            </param>
          </params>
          <reporter-output>
          </reporter-output>
        </test-method> <!-- f -->
        <test-method status="PASS" signature="f(java.lang.String, java.lang.String)[pri:0, instance:src.DataProviderExample@c91438]" name="f" duration-ms="1" started-at="2015-06-26T17:16:06Z" data-provider="dp" finished-at="2015-06-26T17:16:06Z">
          <params>
            <param index="0">
              <value>
                <![CDATA[kevin]]>
              </value>
            </param>
            <param index="1">
              <value>
                <![CDATA[kevin@123]]>
              </value>
            </param>
          </params>
          <reporter-output>
          </reporter-output>
        </test-method> <!-- f -->
      </class> <!-- src.DataProviderExample -->
    </test> <!-- Default test -->
  </suite> <!-- Default suite -->
</testng-results>
